<html>
<head>
<title>TestNG:  AirlinePreferenceTest</title>
<link href="../testng.css" rel="stylesheet" type="text/css" />
<link href="../my-testng.css" rel="stylesheet" type="text/css" />

<style type="text/css">
.log { display: none;} 
.stack-trace { display: none;} 
</style>
<script type="text/javascript">
<!--
function flip(e) {
  current = e.style.display;
  if (current == 'block') {
    e.style.display = 'none';
    return 0;
  }
  else {
    e.style.display = 'block';
    return 1;
  }
}

function toggleBox(szDivId, elem, msg1, msg2)
{
  var res = -1;  if (document.getElementById) {
    res = flip(document.getElementById(szDivId));
  }
  else if (document.all) {
    // this is the way old msie versions work
    res = flip(document.all[szDivId]);
  }
  if(elem) {
    if(res == 0) elem.innerHTML = msg1; else elem.innerHTML = msg2;
  }

}

function toggleAllBoxes() {
  if (document.getElementsByTagName) {
    d = document.getElementsByTagName('div');
    for (i = 0; i < d.length; i++) {
      if (d[i].className == 'log') {
        flip(d[i]);
      }
    }
  }
}

// -->
</script>

</head>
<body>
<h2 align='center'>AirlinePreferenceTest</h2><table border='1' align="center">
<tr>
<td>Tests passed/Failed/Skipped:</td><td>0/0/2</td>
</tr><tr>
<td>Started on:</td><td>Mon May 16 17:41:16 IST 2022</td>
</tr>
<tr><td>Total time:</td><td>0 seconds (137 ms)</td>
</tr><tr>
<td>Included groups:</td><td></td>
</tr><tr>
<td>Excluded groups:</td><td></td>
</tr>
</table><p/>
<small><i>(Hover the method name to see the test class name)</i></small><p/>
<table width='100%' border='1' class='invocation-failed'>
<tr><td colspan='4' align='center'><b>FAILED CONFIGURATIONS</b></td></tr>
<tr><td><b>Test method</b></td>
<td width="30%"><b>Exception</b></td>
<td width="10%"><b>Time (seconds)</b></td>
<td><b>Instance</b></td>
</tr>
<tr>
<td title='com.selenium.pom.TestCases.AirlinePreferenceTest.beforeSuite()'><b>beforeSuite</b><br>Test class: com.selenium.pom.TestCases.AirlinePreferenceTest</td>
<td><div><pre>org.openqa.selenium.WebDriverException: unknown error: net::ERR_CONNECTION_TIMED_OUT
  (Session info: chrome=101.0.4951.67)
Build info: version: &apos;3.4.0&apos;, revision: &apos;unknown&apos;, time: &apos;unknown&apos;
System info: host: &apos;SAGARMALIK-1&apos;, ip: &apos;192.168.1.226&apos;, os.name: &apos;Windows 10&apos;, os.arch: &apos;amd64&apos;, os.version: &apos;10.0&apos;, java.version: &apos;1.8.0_281&apos;
Driver info: org.openqa.selenium.chrome.ChromeDriver
Capabilities [{networkConnectionEnabled=false, chrome={chromedriverVersion=101.0.4951.41 (93c720db8323b3ec10d056025ab95c23a31997c9-refs/branch-heads/4951@{#904}), userDataDir=C:\Users\SAGARM~1\AppData\Local\Temp\scoped_dir15764_1297806305}, timeouts={implicit=0.0, pageLoad=300000.0, script=30000.0}, pageLoadStrategy=normal, unhandledPromptBehavior=dismiss and notify, strictFileInteractability=false, platform=ANY, proxy=Proxy(), goog:chromeOptions={debuggerAddress=localhost:53849}, webauthn:extension:credBlob=true, acceptInsecureCerts=false, browserVersion=101.0.4951.67, browserName=chrome, javascriptEnabled=true, platformName=windows, setWindowRect=true, webauthn:extension:largeBlob=true, webauthn:virtualAuthenticators=true}]
Session ID: 078194885e6cd0c9a0a4c9326a7544e2
	at org.openqa.selenium.remote.http.W3CHttpResponseCodec.createException(W3CHttpResponseCodec.java:150)
	at org.openqa.selenium.remote.http.W3CHttpResponseCodec.decode(W3CHttpResponseCodec.java:115)
	at org.openqa.selenium.remote.http.W3CHttpResponseCodec.decode(W3CHttpResponseCodec.java:45)
	at org.openqa.selenium.remote.HttpCommandExecutor.execute(HttpCommandExecutor.java:164)
	at org.openqa.selenium.remote.service.DriverCommandExecutor.execute(DriverCommandExecutor.java:82)
	at org.openqa.selenium.remote.RemoteWebDriver.execute(RemoteWebDriver.java:637)
	at org.openqa.selenium.remote.RemoteWebDriver.get(RemoteWebDriver.java:364)
	at com.selenium.pom.TestCases.BasePageSetUp.openApplication(BasePageSetUp.java:69)
	at com.selenium.pom.TestCases.BasePageSetUp.initDriver(BasePageSetUp.java:105)
	at com.selenium.pom.TestCases.BasePageSetUp.beforeSuite(BasePageSetUp.java:113)
... Removed 22 stack frames</pre></div><a href='#' onClick='toggleBox("stack-trace1601687801", this, "Click to show all stack frames", "Click to hide stack frames")'>Click to show all stack frames</a>
<div class='stack-trace' id='stack-trace1601687801'><pre>org.openqa.selenium.WebDriverException: unknown error: net::ERR_CONNECTION_TIMED_OUT
  (Session info: chrome=101.0.4951.67)
Build info: version: &apos;3.4.0&apos;, revision: &apos;unknown&apos;, time: &apos;unknown&apos;
System info: host: &apos;SAGARMALIK-1&apos;, ip: &apos;192.168.1.226&apos;, os.name: &apos;Windows 10&apos;, os.arch: &apos;amd64&apos;, os.version: &apos;10.0&apos;, java.version: &apos;1.8.0_281&apos;
Driver info: org.openqa.selenium.chrome.ChromeDriver
Capabilities [{networkConnectionEnabled=false, chrome={chromedriverVersion=101.0.4951.41 (93c720db8323b3ec10d056025ab95c23a31997c9-refs/branch-heads/4951@{#904}), userDataDir=C:\Users\SAGARM~1\AppData\Local\Temp\scoped_dir15764_1297806305}, timeouts={implicit=0.0, pageLoad=300000.0, script=30000.0}, pageLoadStrategy=normal, unhandledPromptBehavior=dismiss and notify, strictFileInteractability=false, platform=ANY, proxy=Proxy(), goog:chromeOptions={debuggerAddress=localhost:53849}, webauthn:extension:credBlob=true, acceptInsecureCerts=false, browserVersion=101.0.4951.67, browserName=chrome, javascriptEnabled=true, platformName=windows, setWindowRect=true, webauthn:extension:largeBlob=true, webauthn:virtualAuthenticators=true}]
Session ID: 078194885e6cd0c9a0a4c9326a7544e2
	at sun.reflect.NativeConstructorAccessorImpl.newInstance0(Native Method)
	at sun.reflect.NativeConstructorAccessorImpl.newInstance(NativeConstructorAccessorImpl.java:62)
	at sun.reflect.DelegatingConstructorAccessorImpl.newInstance(DelegatingConstructorAccessorImpl.java:45)
	at java.lang.reflect.Constructor.newInstance(Constructor.java:423)
	at org.openqa.selenium.remote.http.W3CHttpResponseCodec.createException(W3CHttpResponseCodec.java:150)
	at org.openqa.selenium.remote.http.W3CHttpResponseCodec.decode(W3CHttpResponseCodec.java:115)
	at org.openqa.selenium.remote.http.W3CHttpResponseCodec.decode(W3CHttpResponseCodec.java:45)
	at org.openqa.selenium.remote.HttpCommandExecutor.execute(HttpCommandExecutor.java:164)
	at org.openqa.selenium.remote.service.DriverCommandExecutor.execute(DriverCommandExecutor.java:82)
	at org.openqa.selenium.remote.RemoteWebDriver.execute(RemoteWebDriver.java:637)
	at org.openqa.selenium.remote.RemoteWebDriver.get(RemoteWebDriver.java:364)
	at com.selenium.pom.TestCases.BasePageSetUp.openApplication(BasePageSetUp.java:69)
	at com.selenium.pom.TestCases.BasePageSetUp.initDriver(BasePageSetUp.java:105)
	at com.selenium.pom.TestCases.BasePageSetUp.beforeSuite(BasePageSetUp.java:113)
	at sun.reflect.NativeMethodAccessorImpl.invoke0(Native Method)
	at sun.reflect.NativeMethodAccessorImpl.invoke(NativeMethodAccessorImpl.java:62)
	at sun.reflect.DelegatingMethodAccessorImpl.invoke(DelegatingMethodAccessorImpl.java:43)
	at java.lang.reflect.Method.invoke(Method.java:498)
	at org.testng.internal.MethodInvocationHelper.invokeMethod(MethodInvocationHelper.java:80)
	at org.testng.internal.Invoker.invokeConfigurationMethod(Invoker.java:564)
	at org.testng.internal.Invoker.invokeConfigurations(Invoker.java:213)
	at org.testng.internal.Invoker.invokeConfigurations(Invoker.java:138)
	at org.testng.SuiteRunner.privateRun(SuiteRunner.java:277)
	at org.testng.SuiteRunner.run(SuiteRunner.java:240)
	at org.testng.SuiteRunnerWorker.runSuite(SuiteRunnerWorker.java:52)
	at org.testng.SuiteRunnerWorker.run(SuiteRunnerWorker.java:86)
	at org.testng.TestNG.runSuitesSequentially(TestNG.java:1198)
	at org.testng.TestNG.runSuitesLocally(TestNG.java:1123)
	at org.testng.TestNG.run(TestNG.java:1031)
	at org.testng.remote.AbstractRemoteTestNG.run(AbstractRemoteTestNG.java:132)
	at org.testng.remote.RemoteTestNG.initAndRun(RemoteTestNG.java:230)
	at org.testng.remote.RemoteTestNG.main(RemoteTestNG.java:76)
</pre></div></td>
<td>0</td>
<td>null</td></tr>
</table><p>
<table width='100%' border='1' class='invocation-skipped'>
<tr><td colspan='4' align='center'><b>SKIPPED CONFIGURATIONS</b></td></tr>
<tr><td><b>Test method</b></td>
<td width="30%"><b>Exception</b></td>
<td width="10%"><b>Time (seconds)</b></td>
<td><b>Instance</b></td>
</tr>
<tr>
<td title='com.selenium.pom.TestCases.AirlinePreferenceTest.beforeMethod()'><b>beforeMethod</b><br>Test class: com.selenium.pom.TestCases.AirlinePreferenceTest</td>
<td></td>
<td>0</td>
<td>com.selenium.pom.TestCases.AirlinePreferenceTest@31a5c39e</td></tr>
<tr>
<td title='com.selenium.pom.TestCases.AirlinePreferenceTest.beforeMethod()'><b>beforeMethod</b><br>Test class: com.selenium.pom.TestCases.AirlinePreferenceTest</td>
<td></td>
<td>0</td>
<td>com.selenium.pom.TestCases.AirlinePreferenceTest@31a5c39e</td></tr>
<tr>
<td title='com.selenium.pom.TestCases.AirlinePreferenceTest.afterMethod()'><b>afterMethod</b><br>Test class: com.selenium.pom.TestCases.AirlinePreferenceTest</td>
<td></td>
<td>0</td>
<td>com.selenium.pom.TestCases.AirlinePreferenceTest@31a5c39e</td></tr>
<tr>
<td title='com.selenium.pom.TestCases.AirlinePreferenceTest.afterMethod()'><b>afterMethod</b><br>Test class: com.selenium.pom.TestCases.AirlinePreferenceTest</td>
<td></td>
<td>0</td>
<td>com.selenium.pom.TestCases.AirlinePreferenceTest@31a5c39e</td></tr>
</table><p>
<table width='100%' border='1' class='invocation-skipped'>
<tr><td colspan='4' align='center'><b>SKIPPED TESTS</b></td></tr>
<tr><td><b>Test method</b></td>
<td width="30%"><b>Exception</b></td>
<td width="10%"><b>Time (seconds)</b></td>
<td><b>Instance</b></td>
</tr>
<tr>
<td title='com.selenium.pom.TestCases.AirlinePreferenceTest.PreferenceTest()'><b>PreferenceTest</b><br>Test class: com.selenium.pom.TestCases.AirlinePreferenceTest<br>Parameters: {TestData1=oneway, TestData3=Paris, Description=PreferenceTest, UserName=mercury, TestData2=1, TestData9=, TestData8=Pangea Airlines, TestData5=Portland, TestData4=18-May, PassWord=mercury, TestData7=First, TestData6=23-May, ExpectedResult=Select a Flight: Mercury Tours, TC_ID=TC04}</td>
<td></td>
<td>0</td>
<td>com.selenium.pom.TestCases.AirlinePreferenceTest@31a5c39e</td></tr>
<tr>
<td title='com.selenium.pom.TestCases.AirlinePreferenceTest.signOut()'><b>signOut</b><br>Test class: com.selenium.pom.TestCases.AirlinePreferenceTest</td>
<td></td>
<td>0</td>
<td>com.selenium.pom.TestCases.AirlinePreferenceTest@31a5c39e</td></tr>
</table><p>
</body>
</html>