<?xml version="1.0" encoding="UTF-8"?>
<!-- Generated by org.testng.reporters.JUnitXMLReporter -->
<testsuite hostname="sagarmalik-1" name="AirlinePreferenceTest" tests="2" failures="0" timestamp="16 May 2022 12:11:16 GMT" time="0.137" errors="0">
  <testcase name="@BeforeSuite beforeSuite" time="0.0" classname="com.selenium.pom.TestCases.AirlinePreferenceTest">
    <failure type="org.openqa.selenium.WebDriverException" message="unknown error: net::ERR_CONNECTION_TIMED_OUT
  (Session info: chrome=101.0.4951.67)
Build info: version: &amp;apos;3.4.0&amp;apos;, revision: &amp;apos;unknown&amp;apos;, time: &amp;apos;unknown&amp;apos;
System info: host: &amp;apos;SAGARMALIK-1&amp;apos;, ip: &amp;apos;192.168.1.226&amp;apos;, os.name: &amp;apos;Windows 10&amp;apos;, os.arch: &amp;apos;amd64&amp;apos;, os.version: &amp;apos;10.0&amp;apos;, java.version: &amp;apos;1.8.0_281&amp;apos;
Driver info: org.openqa.selenium.chrome.ChromeDriver
Capabilities [{networkConnectionEnabled=false, chrome={chromedriverVersion=101.0.4951.41 (93c720db8323b3ec10d056025ab95c23a31997c9-refs/branch-heads/4951@{#904}), userDataDir=C:\Users\SAGARM~1\AppData\Local\Temp\scoped_dir15764_1297806305}, timeouts={implicit=0.0, pageLoad=300000.0, script=30000.0}, pageLoadStrategy=normal, unhandledPromptBehavior=dismiss and notify, strictFileInteractability=false, platform=ANY, proxy=Proxy(), goog:chromeOptions={debuggerAddress=localhost:53849}, webauthn:extension:credBlob=true, acceptInsecureCerts=false, browserVersion=101.0.4951.67, browserName=chrome, javascriptEnabled=true, platformName=windows, setWindowRect=true, webauthn:extension:largeBlob=true, webauthn:virtualAuthenticators=true}]
Session ID: 078194885e6cd0c9a0a4c9326a7544e2">
      <![CDATA[org.openqa.selenium.WebDriverException: unknown error: net::ERR_CONNECTION_TIMED_OUT
  (Session info: chrome=101.0.4951.67)
Build info: version: '3.4.0', revision: 'unknown', time: 'unknown'
System info: host: 'SAGARMALIK-1', ip: '192.168.1.226', os.name: 'Windows 10', os.arch: 'amd64', os.version: '10.0', java.version: '1.8.0_281'
Driver info: org.openqa.selenium.chrome.ChromeDriver
Capabilities [{networkConnectionEnabled=false, chrome={chromedriverVersion=101.0.4951.41 (93c720db8323b3ec10d056025ab95c23a31997c9-refs/branch-heads/4951@{#904}), userDataDir=C:\Users\SAGARM~1\AppData\Local\Temp\scoped_dir15764_1297806305}, timeouts={implicit=0.0, pageLoad=300000.0, script=30000.0}, pageLoadStrategy=normal, unhandledPromptBehavior=dismiss and notify, strictFileInteractability=false, platform=ANY, proxy=Proxy(), goog:chromeOptions={debuggerAddress=localhost:53849}, webauthn:extension:credBlob=true, acceptInsecureCerts=false, browserVersion=101.0.4951.67, browserName=chrome, javascriptEnabled=true, platformName=windows, setWindowRect=true, webauthn:extension:largeBlob=true, webauthn:virtualAuthenticators=true}]
Session ID: 078194885e6cd0c9a0a4c9326a7544e2
	at org.openqa.selenium.remote.http.W3CHttpResponseCodec.createException(W3CHttpResponseCodec.java:150)
	at org.openqa.selenium.remote.http.W3CHttpResponseCodec.decode(W3CHttpResponseCodec.java:115)
	at org.openqa.selenium.remote.http.W3CHttpResponseCodec.decode(W3CHttpResponseCodec.java:45)
	at org.openqa.selenium.remote.HttpCommandExecutor.execute(HttpCommandExecutor.java:164)
	at org.openqa.selenium.remote.service.DriverCommandExecutor.execute(DriverCommandExecutor.java:82)
	at org.openqa.selenium.remote.RemoteWebDriver.execute(RemoteWebDriver.java:637)
	at org.openqa.selenium.remote.RemoteWebDriver.get(RemoteWebDriver.java:364)
	at com.selenium.pom.TestCases.BasePageSetUp.openApplication(BasePageSetUp.java:69)
	at com.selenium.pom.TestCases.BasePageSetUp.initDriver(BasePageSetUp.java:105)
	at com.selenium.pom.TestCases.BasePageSetUp.beforeSuite(BasePageSetUp.java:113)
... Removed 22 stack frames]]>
    </failure>
  </testcase> <!-- @BeforeSuite beforeSuite -->
  <testcase name="@BeforeMethod beforeMethod" time="0.0" classname="com.selenium.pom.TestCases.AirlinePreferenceTest">
    <skipped/>
  </testcase> <!-- @BeforeMethod beforeMethod -->
  <testcase name="@AfterMethod afterMethod" time="0.0" classname="com.selenium.pom.TestCases.AirlinePreferenceTest">
    <skipped/>
  </testcase> <!-- @AfterMethod afterMethod -->
  <testcase name="@BeforeMethod beforeMethod" time="0.0" classname="com.selenium.pom.TestCases.AirlinePreferenceTest">
    <skipped/>
  </testcase> <!-- @BeforeMethod beforeMethod -->
  <testcase name="@AfterMethod afterMethod" time="0.0" classname="com.selenium.pom.TestCases.AirlinePreferenceTest">
    <skipped/>
  </testcase> <!-- @AfterMethod afterMethod -->
  <testcase name="PreferenceTest" time="0.002" classname="com.selenium.pom.TestCases.AirlinePreferenceTest">
    <skipped/>
  </testcase> <!-- PreferenceTest -->
  <testcase name="signOut" time="0.008" classname="com.selenium.pom.TestCases.AirlinePreferenceTest">
    <skipped/>
  </testcase> <!-- signOut -->
</testsuite> <!-- AirlinePreferenceTest -->
